<?xml version="1.0" encoding="UTF-8"?>
<!-- Generated by org.testng.reporters.JUnitReportReporter -->
<testsuite skipped="0" hostname="harsha-HP-Pavilion-Notebook" name="CalculatorTest" tests="8" failures="0" timestamp="2021-03-13T16:01:56 IST" time="0.018" errors="0">
  <testcase name="factorialFalsePositive" time="0.005" classname="CalculatorTest"/>
  <system-out/>
  <testcase name="logFalsePositive" time="0.007" classname="CalculatorTest"/>
  <system-out/>
  <testcase name="sqrootTruePositive" time="0.001" classname="CalculatorTest"/>
  <system-out/>
  <testcase name="powerFalsePositive" time="0.001" classname="CalculatorTest"/>
  <system-out/>
  <testcase name="powerTruePositive" time="0.001" classname="CalculatorTest"/>
  <system-out/>
  <testcase name="sqrootFalsePositive" time="0.001" classname="CalculatorTest"/>
  <system-out/>
  <testcase name="factorialTruePositive" time="0.001" classname="CalculatorTest"/>
  <system-out/>
  <testcase name="logTruePositive" time="0.001" classname="CalculatorTest"/>
  <system-out/>
</testsuite> <!-- CalculatorTest -->
